2025-05-19 17:01:09,547 - INFO - Query: company name of ajay desai
2025-05-19 17:01:10,332 - INFO - Extracted: intent=get_personal_info, entity=Ajay Desai, field=['companyName']
2025-05-19 17:01:11,019 - INFO - API call successful
2025-05-19 17:01:11,692 - INFO - Response: The audit findings for Ajay Desai, an employee of N.S. Construction, have been reviewed and documented accordingly.
2025-05-19 17:01:11,692 - INFO - Query processed in 2.15 seconds
2025-05-19 17:01:20,730 - INFO - Query: his blood group
2025-05-19 17:01:21,442 - INFO - Extracted: intent=get_personal_info, entity=Ajay Desai, field=['bloodgroup']
2025-05-19 17:01:22,079 - INFO - API call successful
2025-05-19 17:01:22,690 - INFO - Response: The employee, Ajay Desai, has a recorded blood group of A+.
2025-05-19 17:01:22,690 - INFO - Query processed in 1.96 seconds
2025-05-19 17:02:56,375 - INFO - Query: what is the blood group of ajay m
2025-05-19 17:02:57,136 - INFO - Extracted: intent=get_personal_info, entity=ajay m, field=['bloodgroup']
2025-05-19 17:02:57,755 - INFO - API call successful
2025-05-19 17:02:58,427 - INFO - Response: Employee information for Ajay M is incomplete as the blood group is not recorded.
2025-05-19 17:02:58,427 - INFO - Query processed in 2.05 seconds
2025-05-19 17:03:23,187 - INFO - Query: company's email 
2025-05-19 17:03:23,855 - INFO - Extracted: intent=None, entity=ajay m, field=None
2025-05-19 17:03:23,855 - INFO - API call failed or no data returned
2025-05-19 17:03:23,856 - ERROR - Error processing query 'company's email ': 'NoneType' object has no attribute 'items'
2025-05-19 17:03:41,860 - INFO - Query: what is his company's email
2025-05-19 17:03:42,624 - INFO - Extracted: intent=get_personal_info, entity=ajay m, field=['companyEmail']
2025-05-19 17:03:43,268 - INFO - API call successful
2025-05-19 17:03:43,909 - INFO - Response: The employee, Ajay M, has been identified with a company email address of nsonstruction@gmail.com.
2025-05-19 17:03:43,909 - INFO - Query processed in 2.05 seconds
2025-05-19 17:04:08,079 - INFO - Query: salary type of ajay
2025-05-19 17:04:08,802 - INFO - Extracted: intent=get_personal_info, entity=ajay, field=['salarytype']
2025-05-19 17:04:09,530 - INFO - API call successful
2025-05-19 17:04:10,362 - INFO - Response: The employee, Ajay, has a salary type of 'M' and 'S'.
2025-05-19 17:04:10,362 - INFO - Query processed in 2.28 seconds
2025-05-19 17:04:39,555 - INFO - Query: salary of ajay desai
2025-05-19 17:04:40,573 - INFO - Extracted: intent=get_personal_info, entity=ajay desai, field=['salarytype']
2025-05-19 17:04:41,174 - INFO - API call successful
2025-05-19 17:04:41,955 - INFO - Response: The employee, Ajay Desai, has a salary type of 'M'.
2025-05-19 17:04:41,956 - INFO - Query processed in 2.40 seconds
2025-05-19 17:50:20,850 - INFO - Query: what is the birthdate of ajay
2025-05-19 17:50:21,549 - INFO - Extracted: intent=get_personal_info, entity=Ajay, field=['dob']
2025-05-19 17:50:22,074 - ERROR - Error processing query 'what is the birthdate of ajay': API request failed: 403 {"msg":"Authorization Denied!"}
2025-05-19 17:50:25,530 - INFO - Query: what is the birthdate of ajay
2025-05-19 17:50:26,381 - INFO - Extracted: intent=get_personal_info, entity=Ajay, field=['dob']
2025-05-19 17:50:26,944 - ERROR - Error processing query 'what is the birthdate of ajay': API request failed: 403 {"msg":"Authorization Denied!"}
2025-05-19 17:50:50,307 - INFO - Query: show mw thw dob of ajay
2025-05-19 17:50:51,102 - INFO - Extracted: intent=get_personal_info, entity=ajay, field=['dob']
2025-05-19 17:50:51,695 - ERROR - Error processing query 'show mw thw dob of ajay': API request failed: 403 {"msg":"Authorization Denied!"}
2025-05-19 17:53:58,626 - INFO - Query: show mw thw dob of ajay
2025-05-19 17:53:59,756 - INFO - Extracted: intent=get_personal_info, entity=Ajay, field=['dob']
2025-05-19 17:54:04,256 - INFO - User selected employee ID: 3293
2025-05-19 17:54:04,929 - INFO - Response: The employee details for Ajay Desai (NSNS20220402) indicate a date of birth of April 28, 2002.
2025-05-19 17:54:04,929 - INFO - Query processed in 6.30 seconds
2025-05-19 17:54:51,974 - INFO - Query: what is the blood group of demo
2025-05-19 17:54:52,867 - INFO - Extracted: intent=get_personal_info, entity=demo, field=['bloodgroup']
2025-05-19 17:55:01,465 - INFO - User selected employee ID: 77396
2025-05-19 17:55:02,092 - INFO - Response: Employee Holiday 2 F Demo 2 (213134) does not have a recorded blood group.
2025-05-19 17:55:02,093 - INFO - Query processed in 10.12 seconds
2025-05-19 17:55:31,178 - INFO - Query: show mw thw dob of ajay
2025-05-19 17:55:31,924 - INFO - Extracted: intent=get_personal_info, entity=Ajay, field=['dob']
2025-05-19 17:55:42,010 - INFO - User selected employee ID: 3293
2025-05-19 17:55:42,731 - INFO - Response: The employee, Ajay Desai (NSNS20220402), was born on April 28, 2002.
2025-05-19 17:55:42,732 - INFO - Query processed in 11.55 seconds
2025-05-19 17:56:02,899 - INFO - Query: show mw thw dob of ajay
2025-05-19 17:56:03,769 - INFO - Extracted: intent=get_personal_info, entity=ajay, field=['dob']
2025-05-19 17:56:48,226 - INFO - Query: what is his adhar no
2025-05-19 17:56:49,230 - INFO - Extracted: intent=get_personal_info, entity=null, field=['adharCard']
2025-05-19 17:57:09,604 - INFO - Query: birth date of ajay desai
2025-05-19 17:57:10,540 - INFO - Extracted: intent=get_personal_info, entity=Ajay Desai, field=['dob']
2025-05-19 17:57:11,456 - INFO - Single employee found.
2025-05-19 17:57:12,175 - INFO - Response: The employee details are as follows: Ajay Desai (Employee ID: NSNS20220402), born on April 28, 2002.
2025-05-19 17:57:12,175 - INFO - Query processed in 2.57 seconds
2025-05-19 17:57:22,388 - INFO - Query: his adhar no
2025-05-19 17:57:23,218 - INFO - Extracted: intent=get_personal_info, entity=None, field=['adharCard']
2025-05-19 17:57:24,461 - INFO - Response: The employee details provided are Ajay Desai (NSNS20220402) with an Aadhar Card number of 123412341234.
2025-05-19 17:57:24,462 - INFO - Query processed in 2.07 seconds
2025-05-19 18:06:41,589 - INFO - Query: his adhar no
2025-05-19 18:06:42,646 - INFO - Extracted: intent=None, entity=None, field=None
2025-05-19 18:06:51,050 - INFO - Query: birth date of ajay desai
2025-05-19 18:06:52,079 - INFO - Extracted: intent=get_personal_info, entity=ajay desai, field=['dob']
2025-05-19 18:06:52,988 - INFO - Single employee found.
2025-05-19 18:06:53,918 - INFO - Response: The employee, Ajay Desai (NSNS20220402), was born on April 28, 2002.
2025-05-19 18:06:53,918 - INFO - Query processed in 2.87 seconds
2025-05-19 18:07:02,641 - INFO - Query: what is his adhar no
2025-05-19 18:07:03,536 - INFO - Extracted: intent=get_personal_info, entity=None, field=['adharCard']
2025-05-19 18:07:04,267 - INFO - Response: The employee details for Ajay Desai (NSNS20220402) include an Aadhar Card number of 123412341234.
2025-05-19 18:07:04,267 - INFO - Query processed in 1.63 seconds
2025-05-19 18:07:09,600 - INFO - Query: show mw thw dob of ajay
2025-05-19 18:07:10,600 - INFO - Extracted: intent=get_personal_info, entity=Ajay, field=['dob']
2025-05-19 18:07:21,665 - INFO - Query: show mw thw dob of ajay
2025-05-19 18:07:22,788 - INFO - Extracted: intent=get_personal_info, entity=Ajay, field=['dob']
2025-05-19 18:07:28,112 - INFO - User selected employee ID: 31337
2025-05-19 18:07:29,033 - INFO - Response: The employee, Ajay Manglesh Starwars Hiren Loki Devgan Junabhai Motabhai Juhu Beach, was born on 1998-04-01.
2025-05-19 18:07:29,033 - INFO - Query processed in 7.37 seconds
2025-05-19 18:07:59,442 - INFO - Query: weather at ajays location
2025-05-19 18:08:00,683 - INFO - Extracted: intent=None, entity=None, field=None
2025-05-19 18:08:00,683 - ERROR - Error processing query 'weather at ajays location': field_names must be a list of strings
2025-05-19 18:08:52,414 - INFO - Query: area of ajay 
2025-05-19 18:08:53,316 - INFO - Extracted: intent=None, entity=None, field=None
2025-05-19 18:09:19,349 - INFO - Query: location name of ajay 
2025-05-19 18:09:20,140 - INFO - Extracted: intent=None, entity=Ajay, field=None
2025-05-19 18:27:31,533 - INFO - Query: show mw thw dob of ajay
2025-05-19 18:27:32,234 - INFO - Extracted: intent=get_personal_info, entity=Ajay, field=['dob']
2025-05-19 18:27:32,776 - ERROR - Error processing query 'show mw thw dob of ajay': API request failed: 403 {"msg":"Authorization Denied!"}
2025-05-19 18:28:05,724 - INFO - Query: show mw thw dob of ajay
2025-05-19 18:28:06,391 - INFO - Extracted: intent=get_personal_info, entity=Ajay, field=['dob']
2025-05-19 18:28:10,011 - INFO - Response: The employee, Ajay Manglesh Starwars Hiren Loki Devgan Junabhai Motabhai Juhu Beach, was born on April 1, 1998.
2025-05-19 18:28:10,012 - INFO - Query processed in 4.29 seconds
2025-05-19 18:28:19,174 - INFO - Query: show mw thw dob of ajay
2025-05-19 18:28:19,890 - INFO - Extracted: intent=get_personal_info, entity=Ajay, field=['dob']
2025-05-19 18:28:25,523 - INFO - Query: show mw thw dob of ajay
2025-05-19 18:28:26,188 - INFO - Extracted: intent=get_personal_info, entity=Ajay, field=['dob']
2025-05-19 18:28:40,176 - INFO - Query: show mw thw dob of ajay
2025-05-19 18:28:40,865 - INFO - Extracted: intent=get_personal_info, entity=Ajay, field=['dob']
2025-05-19 18:28:43,214 - INFO - Response: The employee details are as follows: Ajay Desai (Employee ID: NSNS20220402), born on April 28, 2002.
2025-05-19 18:28:43,214 - INFO - Query processed in 3.04 seconds
2025-05-19 18:28:56,037 - INFO - Query: what is his adhar no
2025-05-19 18:28:57,321 - INFO - Extracted: intent=get_personal_info, entity=None, field=['adharCard']
2025-05-19 18:28:58,144 - INFO - Response: The employee details for Ajay Desai (NSNS20220402) include an Aadhar Card number of 123412341234.
2025-05-19 18:28:58,144 - INFO - Query processed in 2.11 seconds
